<?xml version="1.0" encoding="UTF-8"?>
<testng-results skipped="0" failed="0" total="2" passed="2">
  <reporter-output>
  </reporter-output>
  <suite name="Suite" duration-ms="21561" started-at="2019-09-30T07:07:20Z" finished-at="2019-09-30T07:07:42Z">
    <groups>
    </groups>
    <test name="on chrome" duration-ms="16542" started-at="2019-09-30T07:07:20Z" finished-at="2019-09-30T07:07:37Z">
      <class name="scripts.Sgrid">
        <test-method status="PASS" signature="gd(java.lang.String)[pri:0, instance:scripts.Sgrid@c7a4e4]" name="gd" duration-ms="16506" started-at="2019-09-30T12:37:20Z" finished-at="2019-09-30T12:37:37Z">
          <params>
            <param index="0">
              <value>
                <![CDATA[chrome]]>
              </value>
            </param>
          </params>
          <reporter-output>
          </reporter-output>
        </test-method> <!-- gd -->
      </class> <!-- scripts.Sgrid -->
    </test> <!-- on chrome -->
    <test name="on firefox" duration-ms="21561" started-at="2019-09-30T07:07:20Z" finished-at="2019-09-30T07:07:42Z">
      <class name="scripts.Sgrid">
        <test-method status="PASS" signature="gd(java.lang.String)[pri:0, instance:scripts.Sgrid@1a485d2]" name="gd" duration-ms="21542" started-at="2019-09-30T12:37:20Z" finished-at="2019-09-30T12:37:42Z">
          <params>
            <param index="0">
              <value>
                <![CDATA[firefox]]>
              </value>
            </param>
          </params>
          <reporter-output>
          </reporter-output>
        </test-method> <!-- gd -->
      </class> <!-- scripts.Sgrid -->
    </test> <!-- on firefox -->
  </suite> <!-- Suite -->
</testng-results>
